<?xml version="1.0" encoding="UTF-8"?>
<!-- Generated by org.testng.reporters.JUnitReportReporter -->
<testsuite hostname="Rajats-MacBook-Pro.local" failures="0" tests="1" name="scripts.WorkdayScenario" time="0.925" errors="0" timestamp="2023-03-26T21:55:57 EDT" skipped="0">
  <testcase classname="scripts.WorkdayScenario" name="workdaylogin" time="0.925"/>
  <system-out/>
</testsuite> <!-- scripts.WorkdayScenario -->
