<?xml version="1.0" encoding="UTF-8"?>
<!-- Generated by org.testng.reporters.JUnitReportReporter -->
<testsuite hostname="Andy" failures="0" tests="1" name="scripts.TestCase_0" time="0.019" errors="0" timestamp="2023-03-26T12:17:30 EDT" skipped="0">
  <testcase classname="scripts.TestCase_0" name="f" time="0.019"/>
  <system-out/>
</testsuite> <!-- scripts.TestCase_0 -->
