<?xml version="1.0" encoding="UTF-8"?>
<!-- Generated by org.testng.reporters.JUnitReportReporter -->
<testsuite hostname="Andy" failures="0" tests="2" name="scripts.DownloadTranscriptScenario" time="10.223" errors="0" timestamp="2023-03-26T13:10:04 EDT" skipped="0">
  <testcase classname="scripts.DownloadTranscriptScenario" name="checkLogin" time="5.035"/>
  <system-out/>
  <testcase classname="scripts.DownloadTranscriptScenario" name="loadCanvas" time="5.188"/>
  <system-out/>
</testsuite> <!-- scripts.DownloadTranscriptScenario -->
